0 info it worked if it ends with ok
1 verbose cli [ 'node',
1 verbose cli   '/usr/local/bin/npm',
1 verbose cli   'install',
1 verbose cli   'grunt-contrib-watch',
1 verbose cli   'grunt-contrib-less' ]
2 info using npm@1.4.28
3 info using node@v0.10.32
4 verbose cache add [ 'grunt-contrib-watch', null ]
5 verbose cache add name=undefined spec="grunt-contrib-watch" args=["grunt-contrib-watch",null]
6 verbose parsed url { protocol: null,
6 verbose parsed url   slashes: null,
6 verbose parsed url   auth: null,
6 verbose parsed url   host: null,
6 verbose parsed url   port: null,
6 verbose parsed url   hostname: null,
6 verbose parsed url   hash: null,
6 verbose parsed url   search: null,
6 verbose parsed url   query: null,
6 verbose parsed url   pathname: 'grunt-contrib-watch',
6 verbose parsed url   path: 'grunt-contrib-watch',
6 verbose parsed url   href: 'grunt-contrib-watch' }
7 verbose cache add [ 'grunt-contrib-less', null ]
8 verbose cache add name=undefined spec="grunt-contrib-less" args=["grunt-contrib-less",null]
9 verbose parsed url { protocol: null,
9 verbose parsed url   slashes: null,
9 verbose parsed url   auth: null,
9 verbose parsed url   host: null,
9 verbose parsed url   port: null,
9 verbose parsed url   hostname: null,
9 verbose parsed url   hash: null,
9 verbose parsed url   search: null,
9 verbose parsed url   query: null,
9 verbose parsed url   pathname: 'grunt-contrib-less',
9 verbose parsed url   path: 'grunt-contrib-less',
9 verbose parsed url   href: 'grunt-contrib-less' }
10 silly lockFile 7f2b8bdb-grunt-contrib-watch grunt-contrib-watch
11 verbose lock grunt-contrib-watch /Users/michelleszwedo/.npm/7f2b8bdb-grunt-contrib-watch.lock
12 silly lockFile ec52cd20-grunt-contrib-less grunt-contrib-less
13 verbose lock grunt-contrib-less /Users/michelleszwedo/.npm/ec52cd20-grunt-contrib-less.lock
14 silly lockFile 7f2b8bdb-grunt-contrib-watch grunt-contrib-watch
15 silly lockFile 7f2b8bdb-grunt-contrib-watch grunt-contrib-watch
16 silly lockFile ec52cd20-grunt-contrib-less grunt-contrib-less
17 silly lockFile ec52cd20-grunt-contrib-less grunt-contrib-less
18 verbose addNamed [ 'grunt-contrib-watch', '' ]
19 verbose addNamed [ null, '*' ]
20 silly lockFile b64937f1-grunt-contrib-watch grunt-contrib-watch@
21 verbose lock grunt-contrib-watch@ /Users/michelleszwedo/.npm/b64937f1-grunt-contrib-watch.lock
22 verbose addNamed [ 'grunt-contrib-less', '' ]
23 verbose addNamed [ null, '*' ]
24 silly lockFile df1440a2-grunt-contrib-less grunt-contrib-less@
25 verbose lock grunt-contrib-less@ /Users/michelleszwedo/.npm/df1440a2-grunt-contrib-less.lock
26 silly addNameRange { name: 'grunt-contrib-watch', range: '*', hasData: false }
27 silly addNameRange { name: 'grunt-contrib-less', range: '*', hasData: false }
28 verbose request where is /grunt-contrib-less
29 verbose request registry https://registry.npmjs.org/
30 verbose request id fb6a73e638fd7f21
31 verbose url raw /grunt-contrib-less
32 verbose url resolving [ 'https://registry.npmjs.org/', './grunt-contrib-less' ]
33 verbose url resolved https://registry.npmjs.org/grunt-contrib-less
34 verbose request where is https://registry.npmjs.org/grunt-contrib-less
35 info trying registry request attempt 1 at 20:05:22
36 verbose etag "43XUEZZFL03B19HJ27TJV5W6F"
37 http GET https://registry.npmjs.org/grunt-contrib-less
38 verbose request where is /grunt-contrib-watch
39 verbose request registry https://registry.npmjs.org/
40 verbose url raw /grunt-contrib-watch
41 verbose url resolving [ 'https://registry.npmjs.org/', './grunt-contrib-watch' ]
42 verbose url resolved https://registry.npmjs.org/grunt-contrib-watch
43 verbose request where is https://registry.npmjs.org/grunt-contrib-watch
44 info trying registry request attempt 1 at 20:05:22
45 verbose etag "86RKODRC843ASKS2FLVS2CO5E"
46 http GET https://registry.npmjs.org/grunt-contrib-watch
47 http 200 https://registry.npmjs.org/grunt-contrib-watch
48 silly registry.get cb [ 200,
48 silly registry.get   { date: 'Fri, 07 Nov 2014 04:05:29 GMT',
48 silly registry.get     server: 'CouchDB/1.5.0 (Erlang OTP/R16B03)',
48 silly registry.get     etag: '"EQTL4G58NDKD0ORSVQE5FZD11"',
48 silly registry.get     'content-type': 'application/json',
48 silly registry.get     'cache-control': 'max-age=60',
48 silly registry.get     'content-length': '59824',
48 silly registry.get     'accept-ranges': 'bytes',
48 silly registry.get     via: '1.1 varnish',
48 silly registry.get     age: '7',
48 silly registry.get     'x-served-by': 'cache-sjc3130-SJC',
48 silly registry.get     'x-cache': 'HIT',
48 silly registry.get     'x-cache-hits': '1',
48 silly registry.get     'x-timer': 'S1415333129.878101,VS0,VE0',
48 silly registry.get     vary: 'Accept',
48 silly registry.get     'keep-alive': 'timeout=10, max=50',
48 silly registry.get     connection: 'Keep-Alive' } ]
49 silly addNameRange number 2 { name: 'grunt-contrib-watch', range: '*', hasData: true }
50 silly addNameRange versions [ 'grunt-contrib-watch',
50 silly addNameRange   [ '0.1.0',
50 silly addNameRange     '0.1.1',
50 silly addNameRange     '0.1.2',
50 silly addNameRange     '0.1.3',
50 silly addNameRange     '0.1.4',
50 silly addNameRange     '0.2.0',
50 silly addNameRange     '0.3.0',
50 silly addNameRange     '0.3.1',
50 silly addNameRange     '0.4.0',
50 silly addNameRange     '0.4.1',
50 silly addNameRange     '0.4.2',
50 silly addNameRange     '0.4.3',
50 silly addNameRange     '0.4.4',
50 silly addNameRange     '0.5.0',
50 silly addNameRange     '0.5.1',
50 silly addNameRange     '0.5.2',
50 silly addNameRange     '0.5.3',
50 silly addNameRange     '0.6.0',
50 silly addNameRange     '0.6.1',
50 silly addNameRange     '0.2.0-a',
50 silly addNameRange     '0.2.0-rc5',
50 silly addNameRange     '0.2.0-rc7' ] ]
51 verbose addNamed [ 'grunt-contrib-watch', '0.6.1' ]
52 verbose addNamed [ '0.6.1', '0.6.1' ]
53 silly lockFile 08049756-grunt-contrib-watch-0-6-1 grunt-contrib-watch@0.6.1
54 verbose lock grunt-contrib-watch@0.6.1 /Users/michelleszwedo/.npm/08049756-grunt-contrib-watch-0-6-1.lock
55 silly lockFile 08049756-grunt-contrib-watch-0-6-1 grunt-contrib-watch@0.6.1
56 silly lockFile 08049756-grunt-contrib-watch-0-6-1 grunt-contrib-watch@0.6.1
57 silly lockFile b64937f1-grunt-contrib-watch grunt-contrib-watch@
58 silly lockFile b64937f1-grunt-contrib-watch grunt-contrib-watch@
59 http 200 https://registry.npmjs.org/grunt-contrib-less
60 silly registry.get cb [ 200,
60 silly registry.get   { date: 'Fri, 07 Nov 2014 04:05:30 GMT',
60 silly registry.get     server: 'CouchDB/1.5.0 (Erlang OTP/R14B04)',
60 silly registry.get     etag: '"D06K78JZQQKSM9DWOUNJQL9O4"',
60 silly registry.get     'content-type': 'application/json',
60 silly registry.get     'cache-control': 'max-age=60',
60 silly registry.get     'content-length': '62483',
60 silly registry.get     'accept-ranges': 'bytes',
60 silly registry.get     via: '1.1 varnish',
60 silly registry.get     age: '41',
60 silly registry.get     'x-served-by': 'cache-sjc3126-SJC',
60 silly registry.get     'x-cache': 'HIT',
60 silly registry.get     'x-cache-hits': '1',
60 silly registry.get     'x-timer': 'S1415333130.747073,VS0,VE0',
60 silly registry.get     vary: 'Accept',
60 silly registry.get     'keep-alive': 'timeout=10, max=50',
60 silly registry.get     connection: 'Keep-Alive' } ]
61 silly addNameRange number 2 { name: 'grunt-contrib-less', range: '*', hasData: true }
62 silly addNameRange versions [ 'grunt-contrib-less',
62 silly addNameRange   [ '0.1.0',
62 silly addNameRange     '0.2.0',
62 silly addNameRange     '0.2.1',
62 silly addNameRange     '0.2.2',
62 silly addNameRange     '0.3.0',
62 silly addNameRange     '0.3.1',
62 silly addNameRange     '0.3.2',
62 silly addNameRange     '0.5.0',
62 silly addNameRange     '0.5.1',
62 silly addNameRange     '0.5.2',
62 silly addNameRange     '0.6.0',
62 silly addNameRange     '0.6.1',
62 silly addNameRange     '0.6.2',
62 silly addNameRange     '0.6.3',
62 silly addNameRange     '0.6.4',
62 silly addNameRange     '0.6.5',
62 silly addNameRange     '0.7.0',
62 silly addNameRange     '0.8.0',
62 silly addNameRange     '0.8.1',
62 silly addNameRange     '0.8.2',
62 silly addNameRange     '0.8.3',
62 silly addNameRange     '0.9.0',
62 silly addNameRange     '0.10.0',
62 silly addNameRange     '0.11.0',
62 silly addNameRange     '0.11.1',
62 silly addNameRange     '0.11.2',
62 silly addNameRange     '0.11.3',
62 silly addNameRange     '0.11.4',
62 silly addNameRange     '0.12.0',
62 silly addNameRange     '0.5.0-rc7' ] ]
63 verbose addNamed [ 'grunt-contrib-less', '0.12.0' ]
64 verbose addNamed [ '0.12.0', '0.12.0' ]
65 silly lockFile 5fce9750-grunt-contrib-less-0-12-0 grunt-contrib-less@0.12.0
66 verbose lock grunt-contrib-less@0.12.0 /Users/michelleszwedo/.npm/5fce9750-grunt-contrib-less-0-12-0.lock
67 silly lockFile a8ad3893-ss-grunt-contrib-less-0-12-0-tgz https://registry.npmjs.org/grunt-contrib-less/-/grunt-contrib-less-0.12.0.tgz
68 verbose lock https://registry.npmjs.org/grunt-contrib-less/-/grunt-contrib-less-0.12.0.tgz /Users/michelleszwedo/.npm/a8ad3893-ss-grunt-contrib-less-0-12-0-tgz.lock
69 verbose addRemoteTarball [ 'https://registry.npmjs.org/grunt-contrib-less/-/grunt-contrib-less-0.12.0.tgz',
69 verbose addRemoteTarball   'ee6a41b5f94bbe96b5f0d86b16e061c114b954be' ]
70 info retry fetch attempt 1 at 20:05:31
71 verbose fetch to= /var/folders/xc/b10yjgtn7gn17ynhd55zs74w0000gn/T/npm-816-13Yk-kMq/registry.npmjs.org/grunt-contrib-less/-/grunt-contrib-less-0.12.0.tgz
72 http GET https://registry.npmjs.org/grunt-contrib-less/-/grunt-contrib-less-0.12.0.tgz
73 http 200 https://registry.npmjs.org/grunt-contrib-less/-/grunt-contrib-less-0.12.0.tgz
74 silly lockFile a8ad3893-ss-grunt-contrib-less-0-12-0-tgz https://registry.npmjs.org/grunt-contrib-less/-/grunt-contrib-less-0.12.0.tgz
75 silly lockFile a8ad3893-ss-grunt-contrib-less-0-12-0-tgz https://registry.npmjs.org/grunt-contrib-less/-/grunt-contrib-less-0.12.0.tgz
76 silly lockFile 5fce9750-grunt-contrib-less-0-12-0 grunt-contrib-less@0.12.0
77 silly lockFile 5fce9750-grunt-contrib-less-0-12-0 grunt-contrib-less@0.12.0
78 silly lockFile df1440a2-grunt-contrib-less grunt-contrib-less@
79 silly lockFile df1440a2-grunt-contrib-less grunt-contrib-less@
80 error Error: EACCES, mkdir '/Users/michelleszwedo/.npm/grunt-contrib-less/0.12.0'
80 error  { [Error: EACCES, mkdir '/Users/michelleszwedo/.npm/grunt-contrib-less/0.12.0']
80 error   errno: 3,
80 error   code: 'EACCES',
80 error   path: '/Users/michelleszwedo/.npm/grunt-contrib-less/0.12.0' }
81 error Please try running this command again as root/Administrator.
82 error System Darwin 12.5.0
83 error command "node" "/usr/local/bin/npm" "install" "grunt-contrib-watch" "grunt-contrib-less"
84 error cwd /Applications/MAMP/htdocs/wordpress/wp-content/themes/mineralschool
85 error node -v v0.10.32
86 error npm -v 1.4.28
87 error path /Users/michelleszwedo/.npm/grunt-contrib-less/0.12.0
88 error code EACCES
89 error errno 3
90 error stack Error: EACCES, mkdir '/Users/michelleszwedo/.npm/grunt-contrib-less/0.12.0'
91 verbose exit [ 3, true ]
